<?xml version="1.0" encoding="UTF-8"?>
<testng-results ignored="0" total="3" passed="3" failed="0" skipped="0">
  <reporter-output>
  </reporter-output>
  <suite started-at="2023-08-23T11:16:28Z" name="Suite" finished-at="2023-08-23T11:16:44Z" duration-ms="15566">
    <groups>
    </groups>
    <test started-at="2023-08-23T11:16:28Z" name="EdgeTest" finished-at="2023-08-23T11:16:41Z" duration-ms="12766">
      <class name="runner.TestRunner">
        <test-method is-config="true" signature="setup(java.lang.String)[pri:0, instance:runner.TestRunner@2371aaca]" started-at="2023-08-23T11:16:28Z" name="setup" finished-at="2023-08-23T11:16:37Z" duration-ms="8192" status="PASS">
          <params>
            <param index="0">
              <value>
                <![CDATA[edge]]>
              </value>
            </param>
          </params>
          <reporter-output>
          </reporter-output>
        </test-method> <!-- setup -->
        <test-method signature="features()[pri:0, instance:runner.TestRunner@2371aaca]" started-at="2023-08-23T11:16:37Z" name="features" finished-at="2023-08-23T11:16:41Z" duration-ms="4455" status="PASS">
          <reporter-output>
          </reporter-output>
        </test-method> <!-- features -->
      </class> <!-- runner.TestRunner -->
    </test> <!-- EdgeTest -->
    <test started-at="2023-08-23T11:16:28Z" name="ChromeTest" finished-at="2023-08-23T11:16:41Z" duration-ms="12872">
      <class name="runner.TestRunner">
        <test-method is-config="true" signature="setup(java.lang.String)[pri:0, instance:runner.TestRunner@3569fc08]" started-at="2023-08-23T11:16:28Z" name="setup" finished-at="2023-08-23T11:16:36Z" duration-ms="8101" status="PASS">
          <params>
            <param index="0">
              <value>
                <![CDATA[chrome]]>
              </value>
            </param>
          </params>
          <reporter-output>
          </reporter-output>
        </test-method> <!-- setup -->
        <test-method signature="features()[pri:0, instance:runner.TestRunner@3569fc08]" started-at="2023-08-23T11:16:36Z" name="features" finished-at="2023-08-23T11:16:41Z" duration-ms="4729" status="PASS">
          <reporter-output>
          </reporter-output>
        </test-method> <!-- features -->
      </class> <!-- runner.TestRunner -->
    </test> <!-- ChromeTest -->
    <test started-at="2023-08-23T11:16:28Z" name="FirefoxTest" finished-at="2023-08-23T11:16:44Z" duration-ms="15566">
      <class name="runner.TestRunner">
        <test-method is-config="true" signature="setup(java.lang.String)[pri:0, instance:runner.TestRunner@781f10f2]" started-at="2023-08-23T11:16:28Z" name="setup" finished-at="2023-08-23T11:16:40Z" duration-ms="11261" status="PASS">
          <params>
            <param index="0">
              <value>
                <![CDATA[firefox]]>
              </value>
            </param>
          </params>
          <reporter-output>
          </reporter-output>
        </test-method> <!-- setup -->
        <test-method signature="features()[pri:0, instance:runner.TestRunner@781f10f2]" started-at="2023-08-23T11:16:40Z" name="features" finished-at="2023-08-23T11:16:44Z" duration-ms="4293" status="PASS">
          <reporter-output>
          </reporter-output>
        </test-method> <!-- features -->
      </class> <!-- runner.TestRunner -->
    </test> <!-- FirefoxTest -->
  </suite> <!-- Suite -->
</testng-results>
